Admin Password Reset Log
=======================

Default Password: admin123

Admin: Admin User (admin@gmail.com)
- Original password type: plain text
- New password hash: $2a$10$F.KkFfRGpdhYd...
- Verification test: PASSED
- Status: SUCCESS

Admin: Admin User - Abdul Rahman (m.abdulrahman4002@gmail.com)
- Original password type: plain text
- New password hash: $2a$10$d8ngvAWlzSD2A...
- Verification test: PASSED
- Status: SUCCESS

Admin: naseeruddin (naseer18@gmail.com)
- Original password type: plain text
- New password hash: $2a$10$UXasUohBDsz95...
- Verification test: PASSED
- Status: SUCCESS

Admin: raheem (raheem@gmail.com)
- Original password type: bcrypt hash
- New password hash: $2a$10$maGQfWHWLI4.R...
- Verification test: PASSED
- Status: SUCCESS

Admin: zain (zain@gmail.com)
- Original password type: bcrypt hash
- New password hash: $2a$10$pwLLyHmJQTmOG...
- Verification test: PASSED
- Status: SUCCESS

Admin: safi (safi@gmail.com)
- Original password type: bcrypt hash
- New password hash: $2a$10$yRzwa0sxklgmP...
- Verification test: PASSED
- Status: SUCCESS

Admin: admin123 (admin123@gmai.com)
- Original password type: bcrypt hash
- New password hash: $2a$10$9KEn40eroEfYY...
- Verification test: PASSED
- Status: SUCCESS

Admin: ahmed (ahmed@gmail.com)
- Original password type: bcrypt hash
- New password hash: $2a$10$6u2FzT2x8Ihjf...
- Verification test: PASSED
- Status: SUCCESS


Summary
=======
Total admins: 8
Successfully reset: 8
Failed: 0

All admin passwords have been reset successfully!
