Tutor Password Reset Log
=======================

Default Password: tutor123

Tutor: kareem abc (9959014991)
- Original password: $2a$10$0cI...
- New password hash: $2a$10$WWj...
- Verification test: PASSED
- Status: SUCCESS

Tutor: Safi (1231231231)
- Original password: $2a$10$Mp7...
- New password hash: $2a$10$c6N...
- Verification test: PASSED
- Status: SUCCESS

Tutor: areeb (2342342346)
- Original password: $2a$10$kXs...
- New password hash: $2a$10$O84...
- Verification test: PASSED
- Status: SUCCESS

Tutor: Mohammed Naseer Uddin (7815968355)
- Original password: $2a$10$2ff...
- New password hash: $2a$10$YTI...
- Verification test: PASSED
- Status: SUCCESS

Tutor: Mohammed Abdul Raheem (9392566105)
- Original password: $2a$10$RJO...
- New password hash: $2a$10$E01...
- Verification test: PASSED
- Status: SUCCESS

Tutor: Mohammed Zain (1212121212)
- Original password: $2a$10$7Ol...
- New password hash: $2a$10$jHd...
- Verification test: PASSED
- Status: SUCCESS

Tutor: Mohammed Naseer (9959014995)
- Original password: $2a$10$HH6...
- New password hash: $2a$10$Ufn...
- Verification test: PASSED
- Status: SUCCESS

Tutor: salman (3213213213)
- Original password: $2a$10$QZP...
- New password hash: $2a$10$NqZ...
- Verification test: PASSED
- Status: SUCCESS

Tutor: shaik (1231231232)
- Original password: $2a$10$AY1...
- New password hash: $2a$10$sxd...
- Verification test: PASSED
- Status: SUCCESS

Tutor: mohammed (9347887085)
- Original password: $2a$10$Oo5...
- New password hash: $2a$10$0eK...
- Verification test: PASSED
- Status: SUCCESS

Tutor: Majeed (9396904345)
- Original password: $2a$10$Jki...
- New password hash: $2a$10$hNr...
- Verification test: PASSED
- Status: SUCCESS


Summary
=======
Total tutors: 11
Successfully reset: 11
Failed: 0

All tutor passwords have been reset successfully!
