Password Diagnosis Report
========================

Tutor ID: 681c25efda103c321632495b
Name: kareem abc
Phone: 9959014991
Password: $2a$10$0cITtCyNbVnsdV.XHJZlK.STc7/JdHA3pyJoGGzoPAz9IUxySvZJW
Password length: 60
Is bcrypt hash: true
Test password 'tutor123' comparison result: false
Test password 'password' comparison result: false

---

Tutor ID: 681c38157114193a5f2d90a2
Name: Safi
Phone: 1231231231
Password: $2a$10$Mp7bJbuB8yM8aBlCkaMQV.SFGYnfU8uGK.jJkgZUUGECn37AD.2Lq
Password length: 60
Is bcrypt hash: true
Test password 'tutor123' comparison result: false
Test password 'password' comparison result: false

---

Tutor ID: 681c432e7114193a5f2d93ff
Name: areeb
Phone: 2342342346
Password: $2a$10$kXs8MHt0DC7cYqpPrJrqfOFPKVIt47Ic9tzEQjiJ7dPmbe4i570LW
Password length: 60
Is bcrypt hash: true
Test password 'tutor123' comparison result: true

---

Tutor ID: 681dd011ffa5320a8080e806
Name: Mohammed Naseer Uddin
Phone: 7815968355
Password: $2a$10$2ffBhBonMk49klIuHze5Aefmiy3cy1lsbVduT4MqiqijpeHyGBqh2
Password length: 60
Is bcrypt hash: true
Test password 'tutor123' comparison result: false
Test password 'password' comparison result: false

---

Tutor ID: 681dd1d2e739cb1ddd867f64
Name: Mohammed Abdul Raheem
Phone: 9392566105
Password: $2a$10$RJOQBnBG9J0RMiITHsLYtOH2ScgpfTTC876qsvT/ifNs/LA9USO4C
Password length: 60
Is bcrypt hash: true
Test password 'tutor123' comparison result: false
Test password 'password' comparison result: false

---

Tutor ID: 681df0c6f48666495c97d9af
Name: Mohammed Zain
Phone: 1212121212
Password: $2a$10$7OlcMu8zVTRrtbKIZXP96e1zyL1.YxT9umVytd9g1DksGszdv.czK
Password length: 60
Is bcrypt hash: true
Test password 'tutor123' comparison result: false
Test password 'password' comparison result: false

---

Tutor ID: 681df9baf173ac074e62a131
Name: Mohammed Naseer
Phone: 9959014995
Password: $2a$10$HH6T7c17EYbyhCE5d8osYu7IQ20gnTaf0TsNZ14dbT5QpK6UFsLKS
Password length: 60
Is bcrypt hash: true
Test password 'tutor123' comparison result: false
Test password 'password' comparison result: false

---

Tutor ID: 681e0a2e5216ce6d8bcf3ae0
Name: salman
Phone: 3213213213
Password: $2a$10$QZPRF/lfiGFJ1z1Pjp6CseMg8AvDZitkbBfBHGyRHBbnHfICXtfPm
Password length: 60
Is bcrypt hash: true
Test password 'tutor123' comparison result: false
Test password 'password' comparison result: false

---

Tutor ID: 681e0b486e577c7f91195bb7
Name: shaik
Phone: 1231231232
Password: $2a$10$AY1tj1W2LYtdZG77.Ac81ulRM8tQnvNNYdbOr5stFWYUNSHiNq/Ua
Password length: 60
Is bcrypt hash: true
Test password 'tutor123' comparison result: false
Test password 'password' comparison result: false

---

Tutor ID: 681e2bbce9f7607b4d34b02e
Name: mohammed
Phone: 9347887085
Password: $2a$10$Oo5JmRIbgVyKpkn6r978h.hK0YW7mNZyuirGHVJtzDMGuv/JZt9Vi
Password length: 60
Is bcrypt hash: true
Test password 'tutor123' comparison result: false
Test password 'password' comparison result: false

---

Tutor ID: 681e3287eb1382096a4a7459
Name: Majeed
Phone: 9396904344
Password: $2a$10$D/JPcMAELUXySvTAZmJMNOgz/8LRSsKrmP0SipTUtZOzvVpvns.0.
Password length: 60
Is bcrypt hash: true
Test password 'tutor123' comparison result: false
Test password 'password' comparison result: false

---

